Map dimensions < 45, 36 >
..........####^..............................
..........#..................................
..........#..................................
..........#..................................
..........#######............................
................#............................
................#.......#############........
................#.......#...........#........
#######.........#.......#...........#........
#.....#.........#.......#...........#........
#.....#.........#.#####.#.....#########......
#.....#.........#.#...#.#.....#.....#.#......
#.....#.......###########.###########.#......
#.....#.......#.#.#...#...#...#.......#......
#.....#.......#.#######...#...#.......#......
#.....#.......#...#.......#...#.......#......
#.....#.###########.###########.......#......
#.....#.#.....#.....#.....#...........#......
#.....#########.....#.....#...........#......
#.......#...........#.....#...........#......
#######.#...........#.....#######.....#######
......#.#...........#...........#...........#
......#.#############...........#...........#
......#.........................#...........#
......#.........................#...........#
......#.........................#...........#
......#.........................#...........#
......#.........................#...........#
......#.........................#.###########
......#.........................#.#..........
......#######...................#######......
..................................#...#......
..................................#...#......
..................................#...#......
..................................#####......

createPath from: <14, 0>
leftCoordinate facing: ^ and position: <14, 0>
tryMove: <13, 0> with direction: L
Location not visited ... yet.
Is scaffolding!

Map dimensions < 45, 36 >
..........###L^..............................
..........#..................................
..........#..................................
..........#..................................
..........#######............................
................#............................
................#.......#############........
................#.......#...........#........
#######.........#.......#...........#........
#.....#.........#.......#...........#........
#.....#.........#.#####.#.....#########......
#.....#.........#.#...#.#.....#.....#.#......
#.....#.......###########.###########.#......
#.....#.......#.#.#...#...#...#.......#......
#.....#.......#.#######...#...#.......#......
#.....#.......#...#.......#...#.......#......
#.....#.###########.###########.......#......
#.....#.#.....#.....#.....#...........#......
#.....#########.....#.....#...........#......
#.......#...........#.....#...........#......
#######.#...........#.....#######.....#######
......#.#...........#...........#...........#
......#.#############...........#...........#
......#.........................#...........#
......#.........................#...........#
......#.........................#...........#
......#.........................#...........#
......#.........................#...........#
......#.........................#.###########
......#.........................#.#..........
......#######...................#######......
..................................#...#......
..................................#...#......
..................................#...#......
..................................#####......

createPath from: <13, 0>
leftCoordinate facing: ^ and position: <13, 0>
tryMove: <12, 0> with direction: L
Location not visited ... yet.
Is scaffolding!

Map dimensions < 45, 36 >
..........##LL^..............................
..........#..................................
..........#..................................
..........#..................................
..........#######............................
................#............................
................#.......#############........
................#.......#...........#........
#######.........#.......#...........#........
#.....#.........#.......#...........#........
#.....#.........#.#####.#.....#########......
#.....#.........#.#...#.#.....#.....#.#......
#.....#.......###########.###########.#......
#.....#.......#.#.#...#...#...#.......#......
#.....#.......#.#######...#...#.......#......
#.....#.......#...#.......#...#.......#......
#.....#.###########.###########.......#......
#.....#.#.....#.....#.....#...........#......
#.....#########.....#.....#...........#......
#.......#...........#.....#...........#......
#######.#...........#.....#######.....#######
......#.#...........#...........#...........#
......#.#############...........#...........#
......#.........................#...........#
......#.........................#...........#
......#.........................#...........#
......#.........................#...........#
......#.........................#...........#
......#.........................#.###########
......#.........................#.#..........
......#######...................#######......
..................................#...#......
..................................#...#......
..................................#...#......
..................................#####......

createPath from: <12, 0>
leftCoordinate facing: ^ and position: <12, 0>
tryMove: <11, 0> with direction: L
Location not visited ... yet.
Is scaffolding!

Map dimensions < 45, 36 >
..........#LLL^..............................
..........#..................................
..........#..................................
..........#..................................
..........#######............................
................#............................
................#.......#############........
................#.......#...........#........
#######.........#.......#...........#........
#.....#.........#.......#...........#........
#.....#.........#.#####.#.....#########......
#.....#.........#.#...#.#.....#.....#.#......
#.....#.......###########.###########.#......
#.....#.......#.#.#...#...#...#.......#......
#.....#.......#.#######...#...#.......#......
#.....#.......#...#.......#...#.......#......
#.....#.###########.###########.......#......
#.....#.#.....#.....#.....#...........#......
#.....#########.....#.....#...........#......
#.......#...........#.....#...........#......
#######.#...........#.....#######.....#######
......#.#...........#...........#...........#
......#.#############...........#...........#
......#.........................#...........#
......#.........................#...........#
......#.........................#...........#
......#.........................#...........#
......#.........................#...........#
......#.........................#.###########
......#.........................#.#..........
......#######...................#######......
..................................#...#......
..................................#...#......
..................................#...#......
..................................#####......

createPath from: <11, 0>
leftCoordinate facing: ^ and position: <11, 0>
tryMove: <10, 0> with direction: L
Location not visited ... yet.
Is scaffolding!

Map dimensions < 45, 36 >
..........LLLL^..............................
..........#..................................
..........#..................................
..........#..................................
..........#######............................
................#............................
................#.......#############........
................#.......#...........#........
#######.........#.......#...........#........
#.....#.........#.......#...........#........
#.....#.........#.#####.#.....#########......
#.....#.........#.#...#.#.....#.....#.#......
#.....#.......###########.###########.#......
#.....#.......#.#.#...#...#...#.......#......
#.....#.......#.#######...#...#.......#......
#.....#.......#...#.......#...#.......#......
#.....#.###########.###########.......#......
#.....#.#.....#.....#.....#...........#......
#.....#########.....#.....#...........#......
#.......#...........#.....#...........#......
#######.#...........#.....#######.....#######
......#.#...........#...........#...........#
......#.#############...........#...........#
......#.........................#...........#
......#.........................#...........#
......#.........................#...........#
......#.........................#...........#
......#.........................#...........#
......#.........................#.###########
......#.........................#.#..........
......#######...................#######......
..................................#...#......
..................................#...#......
..................................#...#......
..................................#####......

createPath from: <10, 0>
leftCoordinate facing: ^ and position: <10, 0>
tryMove: <9, 0> with direction: L
Location not visited ... yet.
Not scaffolding!
Robot was facing ^ and moving L
Robot now facing <
Getting next direction to move from: <10, 0>
leftCoordinate facing: < and position: <10, 0>
Left coordinate would be: <10, 1>
Not visited.
Next direction to try with new facing: L
leftCoordinate facing: < and position: <10, 0>
tryMove: <10, 1> with direction: L
Location not visited ... yet.
Is scaffolding!

Map dimensions < 45, 36 >
..........LLLL^..............................
..........L..................................
..........#..................................
..........#..................................
..........#######............................
................#............................
................#.......#############........
................#.......#...........#........
#######.........#.......#...........#........
#.....#.........#.......#...........#........
#.....#.........#.#####.#.....#########......
#.....#.........#.#...#.#.....#.....#.#......
#.....#.......###########.###########.#......
#.....#.......#.#.#...#...#...#.......#......
#.....#.......#.#######...#...#.......#......
#.....#.......#...#.......#...#.......#......
#.....#.###########.###########.......#......
#.....#.#.....#.....#.....#...........#......
#.....#########.....#.....#...........#......
#.......#...........#.....#...........#......
#######.#...........#.....#######.....#######
......#.#...........#...........#...........#
......#.#############...........#...........#
......#.........................#...........#
......#.........................#...........#
......#.........................#...........#
......#.........................#...........#
......#.........................#...........#
......#.........................#.###########
......#.........................#.#..........
......#######...................#######......
..................................#...#......
..................................#...#......
..................................#...#......
..................................#####......

createPath from: <10, 1>
leftCoordinate facing: < and position: <10, 1>
tryMove: <10, 2> with direction: L
Location not visited ... yet.
Is scaffolding!

Map dimensions < 45, 36 >
..........LLLL^..............................
..........L..................................
..........L..................................
..........#..................................
..........#######............................
................#............................
................#.......#############........
................#.......#...........#........
#######.........#.......#...........#........
#.....#.........#.......#...........#........
#.....#.........#.#####.#.....#########......
#.....#.........#.#...#.#.....#.....#.#......
#.....#.......###########.###########.#......
#.....#.......#.#.#...#...#...#.......#......
#.....#.......#.#######...#...#.......#......
#.....#.......#...#.......#...#.......#......
#.....#.###########.###########.......#......
#.....#.#.....#.....#.....#...........#......
#.....#########.....#.....#...........#......
#.......#...........#.....#...........#......
#######.#...........#.....#######.....#######
......#.#...........#...........#...........#
......#.#############...........#...........#
......#.........................#...........#
......#.........................#...........#
......#.........................#...........#
......#.........................#...........#
......#.........................#...........#
......#.........................#.###########
......#.........................#.#..........
......#######...................#######......
..................................#...#......
..................................#...#......
..................................#...#......
..................................#####......

createPath from: <10, 2>
leftCoordinate facing: < and position: <10, 2>
tryMove: <10, 3> with direction: L
Location not visited ... yet.
Is scaffolding!

Map dimensions < 45, 36 >
..........LLLL^..............................
..........L..................................
..........L..................................
..........L..................................
..........#######............................
................#............................
................#.......#############........
................#.......#...........#........
#######.........#.......#...........#........
#.....#.........#.......#...........#........
#.....#.........#.#####.#.....#########......
#.....#.........#.#...#.#.....#.....#.#......
#.....#.......###########.###########.#......
#.....#.......#.#.#...#...#...#.......#......
#.....#.......#.#######...#...#.......#......
#.....#.......#...#.......#...#.......#......
#.....#.###########.###########.......#......
#.....#.#.....#.....#.....#...........#......
#.....#########.....#.....#...........#......
#.......#...........#.....#...........#......
#######.#...........#.....#######.....#######
......#.#...........#...........#...........#
......#.#############...........#...........#
......#.........................#...........#
......#.........................#...........#
......#.........................#...........#
......#.........................#...........#
......#.........................#...........#
......#.........................#.###########
......#.........................#.#..........
......#######...................#######......
..................................#...#......
..................................#...#......
..................................#...#......
..................................#####......

createPath from: <10, 3>
leftCoordinate facing: < and position: <10, 3>
tryMove: <10, 4> with direction: L
Location not visited ... yet.
Is scaffolding!

Map dimensions < 45, 36 >
..........LLLL^..............................
..........L..................................
..........L..................................
..........L..................................
..........L######............................
................#............................
................#.......#############........
................#.......#...........#........
#######.........#.......#...........#........
#.....#.........#.......#...........#........
#.....#.........#.#####.#.....#########......
#.....#.........#.#...#.#.....#.....#.#......
#.....#.......###########.###########.#......
#.....#.......#.#.#...#...#...#.......#......
#.....#.......#.#######...#...#.......#......
#.....#.......#...#.......#...#.......#......
#.....#.###########.###########.......#......
#.....#.#.....#.....#.....#...........#......
#.....#########.....#.....#...........#......
#.......#...........#.....#...........#......
#######.#...........#.....#######.....#######
......#.#...........#...........#...........#
......#.#############...........#...........#
......#.........................#...........#
......#.........................#...........#
......#.........................#...........#
......#.........................#...........#
......#.........................#...........#
......#.........................#.###########
......#.........................#.#..........
......#######...................#######......
..................................#...#......
..................................#...#......
..................................#...#......
..................................#####......

createPath from: <10, 4>
leftCoordinate facing: < and position: <10, 4>
tryMove: <10, 5> with direction: L
Location not visited ... yet.
Not scaffolding!
Robot was facing < and moving L
Robot now facing v
Getting next direction to move from: <10, 4>
leftCoordinate facing: v and position: <10, 4>
Left coordinate would be: <11, 4>
Not visited.
Next direction to try with new facing: L
leftCoordinate facing: v and position: <10, 4>
tryMove: <11, 4> with direction: L
Location not visited ... yet.
Is scaffolding!

Map dimensions < 45, 36 >
..........LLLL^..............................
..........L..................................
..........L..................................
..........L..................................
..........LL#####............................
................#............................
................#.......#############........
................#.......#...........#........
#######.........#.......#...........#........
#.....#.........#.......#...........#........
#.....#.........#.#####.#.....#########......
#.....#.........#.#...#.#.....#.....#.#......
#.....#.......###########.###########.#......
#.....#.......#.#.#...#...#...#.......#......
#.....#.......#.#######...#...#.......#......
#.....#.......#...#.......#...#.......#......
#.....#.###########.###########.......#......
#.....#.#.....#.....#.....#...........#......
#.....#########.....#.....#...........#......
#.......#...........#.....#...........#......
#######.#...........#.....#######.....#######
......#.#...........#...........#...........#
......#.#############...........#...........#
......#.........................#...........#
......#.........................#...........#
......#.........................#...........#
......#.........................#...........#
......#.........................#...........#
......#.........................#.###########
......#.........................#.#..........
......#######...................#######......
..................................#...#......
..................................#...#......
..................................#...#......
..................................#####......

createPath from: <11, 4>
leftCoordinate facing: v and position: <11, 4>
tryMove: <12, 4> with direction: L
Location not visited ... yet.
Is scaffolding!

Map dimensions < 45, 36 >
..........LLLL^..............................
..........L..................................
..........L..................................
..........L..................................
..........LLL####............................
................#............................
................#.......#############........
................#.......#...........#........
#######.........#.......#...........#........
#.....#.........#.......#...........#........
#.....#.........#.#####.#.....#########......
#.....#.........#.#...#.#.....#.....#.#......
#.....#.......###########.###########.#......
#.....#.......#.#.#...#...#...#.......#......
#.....#.......#.#######...#...#.......#......
#.....#.......#...#.......#...#.......#......
#.....#.###########.###########.......#......
#.....#.#.....#.....#.....#...........#......
#.....#########.....#.....#...........#......
#.......#...........#.....#...........#......
#######.#...........#.....#######.....#######
......#.#...........#...........#...........#
......#.#############...........#...........#
......#.........................#...........#
......#.........................#...........#
......#.........................#...........#
......#.........................#...........#
......#.........................#...........#
......#.........................#.###########
......#.........................#.#..........
......#######...................#######......
..................................#...#......
..................................#...#......
..................................#...#......
..................................#####......

createPath from: <12, 4>
leftCoordinate facing: v and position: <12, 4>
tryMove: <13, 4> with direction: L
Location not visited ... yet.
Is scaffolding!

Map dimensions < 45, 36 >
..........LLLL^..............................
..........L..................................
..........L..................................
..........L..................................
..........LLLL###............................
................#............................
................#.......#############........
................#.......#...........#........
#######.........#.......#...........#........
#.....#.........#.......#...........#........
#.....#.........#.#####.#.....#########......
#.....#.........#.#...#.#.....#.....#.#......
#.....#.......###########.###########.#......
#.....#.......#.#.#...#...#...#.......#......
#.....#.......#.#######...#...#.......#......
#.....#.......#...#.......#...#.......#......
#.....#.###########.###########.......#......
#.....#.#.....#.....#.....#...........#......
#.....#########.....#.....#...........#......
#.......#...........#.....#...........#......
#######.#...........#.....#######.....#######
......#.#...........#...........#...........#
......#.#############...........#...........#
......#.........................#...........#
......#.........................#...........#
......#.........................#...........#
......#.........................#...........#
......#.........................#...........#
......#.........................#.###########
......#.........................#.#..........
......#######...................#######......
..................................#...#......
..................................#...#......
..................................#...#......
..................................#####......

createPath from: <13, 4>
leftCoordinate facing: v and position: <13, 4>
tryMove: <14, 4> with direction: L
Location not visited ... yet.
Is scaffolding!

Map dimensions < 45, 36 >
..........LLLL^..............................
..........L..................................
..........L..................................
..........L..................................
..........LLLLL##............................
................#............................
................#.......#############........
................#.......#...........#........
#######.........#.......#...........#........
#.....#.........#.......#...........#........
#.....#.........#.#####.#.....#########......
#.....#.........#.#...#.#.....#.....#.#......
#.....#.......###########.###########.#......
#.....#.......#.#.#...#...#...#.......#......
#.....#.......#.#######...#...#.......#......
#.....#.......#...#.......#...#.......#......
#.....#.###########.###########.......#......
#.....#.#.....#.....#.....#...........#......
#.....#########.....#.....#...........#......
#.......#...........#.....#...........#......
#######.#...........#.....#######.....#######
......#.#...........#...........#...........#
......#.#############...........#...........#
......#.........................#...........#
......#.........................#...........#
......#.........................#...........#
......#.........................#...........#
......#.........................#...........#
......#.........................#.###########
......#.........................#.#..........
......#######...................#######......
..................................#...#......
..................................#...#......
..................................#...#......
..................................#####......

createPath from: <14, 4>
leftCoordinate facing: v and position: <14, 4>
tryMove: <15, 4> with direction: L
Location not visited ... yet.
Is scaffolding!

Map dimensions < 45, 36 >
..........LLLL^..............................
..........L..................................
..........L..................................
..........L..................................
..........LLLLLL#............................
................#............................
................#.......#############........
................#.......#...........#........
#######.........#.......#...........#........
#.....#.........#.......#...........#........
#.....#.........#.#####.#.....#########......
#.....#.........#.#...#.#.....#.....#.#......
#.....#.......###########.###########.#......
#.....#.......#.#.#...#...#...#.......#......
#.....#.......#.#######...#...#.......#......
#.....#.......#...#.......#...#.......#......
#.....#.###########.###########.......#......
#.....#.#.....#.....#.....#...........#......
#.....#########.....#.....#...........#......
#.......#...........#.....#...........#......
#######.#...........#.....#######.....#######
......#.#...........#...........#...........#
......#.#############...........#...........#
......#.........................#...........#
......#.........................#...........#
......#.........................#...........#
......#.........................#...........#
......#.........................#...........#
......#.........................#.###########
......#.........................#.#..........
......#######...................#######......
..................................#...#......
..................................#...#......
..................................#...#......
..................................#####......

createPath from: <15, 4>
leftCoordinate facing: v and position: <15, 4>
tryMove: <16, 4> with direction: L
Location not visited ... yet.
Is scaffolding!

Map dimensions < 45, 36 >
..........LLLL^..............................
..........L..................................
..........L..................................
..........L..................................
..........LLLLLLL............................
................#............................
................#.......#############........
................#.......#...........#........
#######.........#.......#...........#........
#.....#.........#.......#...........#........
#.....#.........#.#####.#.....#########......
#.....#.........#.#...#.#.....#.....#.#......
#.....#.......###########.###########.#......
#.....#.......#.#.#...#...#...#.......#......
#.....#.......#.#######...#...#.......#......
#.....#.......#...#.......#...#.......#......
#.....#.###########.###########.......#......
#.....#.#.....#.....#.....#...........#......
#.....#########.....#.....#...........#......
#.......#...........#.....#...........#......
#######.#...........#.....#######.....#######
......#.#...........#...........#...........#
......#.#############...........#...........#
......#.........................#...........#
......#.........................#...........#
......#.........................#...........#
......#.........................#...........#
......#.........................#...........#
......#.........................#.###########
......#.........................#.#..........
......#######...................#######......
..................................#...#......
..................................#...#......
..................................#...#......
..................................#####......

createPath from: <16, 4>
leftCoordinate facing: v and position: <16, 4>
tryMove: <17, 4> with direction: L
Location not visited ... yet.
Not scaffolding!
Robot was facing v and moving L
Robot now facing >
Getting next direction to move from: <16, 4>
leftCoordinate facing: > and position: <16, 4>
Left coordinate would be: <16, 3>
Visited so try right ...
rightCoordinate facing: > and position: <16, 4>
Right coordinate would be: <16, 5>
Next direction to try with new facing: R
rightCoordinate facing: > and position: <16, 4>
tryMove: <16, 5> with direction: R
Location not visited ... yet.
Is scaffolding!

Map dimensions < 45, 36 >
..........LLLL^..............................
..........L..................................
..........L..................................
..........L..................................
..........LLLLLLL............................
................R............................
................#.......#############........
................#.......#...........#........
#######.........#.......#...........#........
#.....#.........#.......#...........#........
#.....#.........#.#####.#.....#########......
#.....#.........#.#...#.#.....#.....#.#......
#.....#.......###########.###########.#......
#.....#.......#.#.#...#...#...#.......#......
#.....#.......#.#######...#...#.......#......
#.....#.......#...#.......#...#.......#......
#.....#.###########.###########.......#......
#.....#.#.....#.....#.....#...........#......
#.....#########.....#.....#...........#......
#.......#...........#.....#...........#......
#######.#...........#.....#######.....#######
......#.#...........#...........#...........#
......#.#############...........#...........#
......#.........................#...........#
......#.........................#...........#
......#.........................#...........#
......#.........................#...........#
......#.........................#...........#
......#.........................#.###########
......#.........................#.#..........
......#######...................#######......
..................................#...#......
..................................#...#......
..................................#...#......
..................................#####......

createPath from: <16, 5>
leftCoordinate facing: > and position: <16, 5>
tryMove: <16, 4> with direction: L
CROSSING PATH!!
Robot already visited this location.
rightCoordinate facing: > and position: <16, 5>
tryMove: <16, 6> with direction: R
Location not visited ... yet.
Is scaffolding!

Map dimensions < 45, 36 >
..........LLLL^..............................
..........L..................................
..........L..................................
..........L..................................
..........LLLLLLL............................
................R............................
................R.......#############........
................#.......#...........#........
#######.........#.......#...........#........
#.....#.........#.......#...........#........
#.....#.........#.#####.#.....#########......
#.....#.........#.#...#.#.....#.....#.#......
#.....#.......###########.###########.#......
#.....#.......#.#.#...#...#...#.......#......
#.....#.......#.#######...#...#.......#......
#.....#.......#...#.......#...#.......#......
#.....#.###########.###########.......#......
#.....#.#.....#.....#.....#...........#......
#.....#########.....#.....#...........#......
#.......#...........#.....#...........#......
#######.#...........#.....#######.....#######
......#.#...........#...........#...........#
......#.#############...........#...........#
......#.........................#...........#
......#.........................#...........#
......#.........................#...........#
......#.........................#...........#
......#.........................#...........#
......#.........................#.###########
......#.........................#.#..........
......#######...................#######......
..................................#...#......
..................................#...#......
..................................#...#......
..................................#####......

createPath from: <16, 6>
leftCoordinate facing: > and position: <16, 6>
tryMove: <16, 5> with direction: L
CROSSING PATH!!
Robot already visited this location.
rightCoordinate facing: > and position: <16, 6>
tryMove: <16, 7> with direction: R
Location not visited ... yet.
Is scaffolding!

Map dimensions < 45, 36 >
..........LLLL^..............................
..........L..................................
..........L..................................
..........L..................................
..........LLLLLLL............................
................R............................
................R.......#############........
................R.......#...........#........
#######.........#.......#...........#........
#.....#.........#.......#...........#........
#.....#.........#.#####.#.....#########......
#.....#.........#.#...#.#.....#.....#.#......
#.....#.......###########.###########.#......
#.....#.......#.#.#...#...#...#.......#......
#.....#.......#.#######...#...#.......#......
#.....#.......#...#.......#...#.......#......
#.....#.###########.###########.......#......
#.....#.#.....#.....#.....#...........#......
#.....#########.....#.....#...........#......
#.......#...........#.....#...........#......
#######.#...........#.....#######.....#######
......#.#...........#...........#...........#
......#.#############...........#...........#
......#.........................#...........#
......#.........................#...........#
......#.........................#...........#
......#.........................#...........#
......#.........................#...........#
......#.........................#.###########
......#.........................#.#..........
......#######...................#######......
..................................#...#......
..................................#...#......
..................................#...#......
..................................#####......

createPath from: <16, 7>
leftCoordinate facing: > and position: <16, 7>
tryMove: <16, 6> with direction: L
CROSSING PATH!!
Robot already visited this location.
rightCoordinate facing: > and position: <16, 7>
tryMove: <16, 8> with direction: R
Location not visited ... yet.
Is scaffolding!

Map dimensions < 45, 36 >
..........LLLL^..............................
..........L..................................
..........L..................................
..........L..................................
..........LLLLLLL............................
................R............................
................R.......#############........
................R.......#...........#........
#######.........R.......#...........#........
#.....#.........#.......#...........#........
#.....#.........#.#####.#.....#########......
#.....#.........#.#...#.#.....#.....#.#......
#.....#.......###########.###########.#......
#.....#.......#.#.#...#...#...#.......#......
#.....#.......#.#######...#...#.......#......
#.....#.......#...#.......#...#.......#......
#.....#.###########.###########.......#......
#.....#.#.....#.....#.....#...........#......
#.....#########.....#.....#...........#......
#.......#...........#.....#...........#......
#######.#...........#.....#######.....#######
......#.#...........#...........#...........#
......#.#############...........#...........#
......#.........................#...........#
......#.........................#...........#
......#.........................#...........#
......#.........................#...........#
......#.........................#...........#
......#.........................#.###########
......#.........................#.#..........
......#######...................#######......
..................................#...#......
..................................#...#......
..................................#...#......
..................................#####......

createPath from: <16, 8>
leftCoordinate facing: > and position: <16, 8>
tryMove: <16, 7> with direction: L
CROSSING PATH!!
Robot already visited this location.
rightCoordinate facing: > and position: <16, 8>
tryMove: <16, 9> with direction: R
Location not visited ... yet.
Is scaffolding!

Map dimensions < 45, 36 >
..........LLLL^..............................
..........L..................................
..........L..................................
..........L..................................
..........LLLLLLL............................
................R............................
................R.......#############........
................R.......#...........#........
#######.........R.......#...........#........
#.....#.........R.......#...........#........
#.....#.........#.#####.#.....#########......
#.....#.........#.#...#.#.....#.....#.#......
#.....#.......###########.###########.#......
#.....#.......#.#.#...#...#...#.......#......
#.....#.......#.#######...#...#.......#......
#.....#.......#...#.......#...#.......#......
#.....#.###########.###########.......#......
#.....#.#.....#.....#.....#...........#......
#.....#########.....#.....#...........#......
#.......#...........#.....#...........#......
#######.#...........#.....#######.....#######
......#.#...........#...........#...........#
......#.#############...........#...........#
......#.........................#...........#
......#.........................#...........#
......#.........................#...........#
......#.........................#...........#
......#.........................#...........#
......#.........................#.###########
......#.........................#.#..........
......#######...................#######......
..................................#...#......
..................................#...#......
..................................#...#......
..................................#####......

createPath from: <16, 9>
leftCoordinate facing: > and position: <16, 9>
tryMove: <16, 8> with direction: L
CROSSING PATH!!
Robot already visited this location.
rightCoordinate facing: > and position: <16, 9>
tryMove: <16, 10> with direction: R
Location not visited ... yet.
Is scaffolding!

Map dimensions < 45, 36 >
..........LLLL^..............................
..........L..................................
..........L..................................
..........L..................................
..........LLLLLLL............................
................R............................
................R.......#############........
................R.......#...........#........
#######.........R.......#...........#........
#.....#.........R.......#...........#........
#.....#.........R.#####.#.....#########......
#.....#.........#.#...#.#.....#.....#.#......
#.....#.......###########.###########.#......
#.....#.......#.#.#...#...#...#.......#......
#.....#.......#.#######...#...#.......#......
#.....#.......#...#.......#...#.......#......
#.....#.###########.###########.......#......
#.....#.#.....#.....#.....#...........#......
#.....#########.....#.....#...........#......
#.......#...........#.....#...........#......
#######.#...........#.....#######.....#######
......#.#...........#...........#...........#
......#.#############...........#...........#
......#.........................#...........#
......#.........................#...........#
......#.........................#...........#
......#.........................#...........#
......#.........................#...........#
......#.........................#.###########
......#.........................#.#..........
......#######...................#######......
..................................#...#......
..................................#...#......
..................................#...#......
..................................#####......

createPath from: <16, 10>
leftCoordinate facing: > and position: <16, 10>
tryMove: <16, 9> with direction: L
CROSSING PATH!!
Robot already visited this location.
rightCoordinate facing: > and position: <16, 10>
tryMove: <16, 11> with direction: R
Location not visited ... yet.
Is scaffolding!

Map dimensions < 45, 36 >
..........LLLL^..............................
..........L..................................
..........L..................................
..........L..................................
..........LLLLLLL............................
................R............................
................R.......#############........
................R.......#...........#........
#######.........R.......#...........#........
#.....#.........R.......#...........#........
#.....#.........R.#####.#.....#########......
#.....#.........R.#...#.#.....#.....#.#......
#.....#.......###########.###########.#......
#.....#.......#.#.#...#...#...#.......#......
#.....#.......#.#######...#...#.......#......
#.....#.......#...#.......#...#.......#......
#.....#.###########.###########.......#......
#.....#.#.....#.....#.....#...........#......
#.....#########.....#.....#...........#......
#.......#...........#.....#...........#......
#######.#...........#.....#######.....#######
......#.#...........#...........#...........#
......#.#############...........#...........#
......#.........................#...........#
......#.........................#...........#
......#.........................#...........#
......#.........................#...........#
......#.........................#...........#
......#.........................#.###########
......#.........................#.#..........
......#######...................#######......
..................................#...#......
..................................#...#......
..................................#...#......
..................................#####......

createPath from: <16, 11>
leftCoordinate facing: > and position: <16, 11>
tryMove: <16, 10> with direction: L
CROSSING PATH!!
Robot already visited this location.
rightCoordinate facing: > and position: <16, 11>
tryMove: <16, 12> with direction: R
Location not visited ... yet.
Is scaffolding!

Map dimensions < 45, 36 >
..........LLLL^..............................
..........L..................................
..........L..................................
..........L..................................
..........LLLLLLL............................
................R............................
................R.......#############........
................R.......#...........#........
#######.........R.......#...........#........
#.....#.........R.......#...........#........
#.....#.........R.#####.#.....#########......
#.....#.........R.#...#.#.....#.....#.#......
#.....#.......##R########.###########.#......
#.....#.......#.#.#...#...#...#.......#......
#.....#.......#.#######...#...#.......#......
#.....#.......#...#.......#...#.......#......
#.....#.###########.###########.......#......
#.....#.#.....#.....#.....#...........#......
#.....#########.....#.....#...........#......
#.......#...........#.....#...........#......
#######.#...........#.....#######.....#######
......#.#...........#...........#...........#
......#.#############...........#...........#
......#.........................#...........#
......#.........................#...........#
......#.........................#...........#
......#.........................#...........#
......#.........................#...........#
......#.........................#.###########
......#.........................#.#..........
......#######...................#######......
..................................#...#......
..................................#...#......
..................................#...#......
..................................#####......

createPath from: <16, 12>
leftCoordinate facing: > and position: <16, 12>
tryMove: <16, 11> with direction: L
CROSSING PATH!!
Robot already visited this location.
rightCoordinate facing: > and position: <16, 12>
tryMove: <16, 13> with direction: R
Location not visited ... yet.
Is scaffolding!

Map dimensions < 45, 36 >
..........LLLL^..............................
..........L..................................
..........L..................................
..........L..................................
..........LLLLLLL............................
................R............................
................R.......#############........
................R.......#...........#........
#######.........R.......#...........#........
#.....#.........R.......#...........#........
#.....#.........R.#####.#.....#########......
#.....#.........R.#...#.#.....#.....#.#......
#.....#.......##R########.###########.#......
#.....#.......#.R.#...#...#...#.......#......
#.....#.......#.#######...#...#.......#......
#.....#.......#...#.......#...#.......#......
#.....#.###########.###########.......#......
#.....#.#.....#.....#.....#...........#......
#.....#########.....#.....#...........#......
#.......#...........#.....#...........#......
#######.#...........#.....#######.....#######
......#.#...........#...........#...........#
......#.#############...........#...........#
......#.........................#...........#
......#.........................#...........#
......#.........................#...........#
......#.........................#...........#
......#.........................#...........#
......#.........................#.###########
......#.........................#.#..........
......#######...................#######......
..................................#...#......
..................................#...#......
..................................#...#......
..................................#####......

createPath from: <16, 13>
leftCoordinate facing: > and position: <16, 13>
tryMove: <16, 12> with direction: L
CROSSING PATH!!
Robot already visited this location.
rightCoordinate facing: > and position: <16, 13>
tryMove: <16, 14> with direction: R
Location not visited ... yet.
Is scaffolding!

Map dimensions < 45, 36 >
..........LLLL^..............................
..........L..................................
..........L..................................
..........L..................................
..........LLLLLLL............................
................R............................
................R.......#############........
................R.......#...........#........
#######.........R.......#...........#........
#.....#.........R.......#...........#........
#.....#.........R.#####.#.....#########......
#.....#.........R.#...#.#.....#.....#.#......
#.....#.......##R########.###########.#......
#.....#.......#.R.#...#...#...#.......#......
#.....#.......#.R######...#...#.......#......
#.....#.......#...#.......#...#.......#......
#.....#.###########.###########.......#......
#.....#.#.....#.....#.....#...........#......
#.....#########.....#.....#...........#......
#.......#...........#.....#...........#......
#######.#...........#.....#######.....#######
......#.#...........#...........#...........#
......#.#############...........#...........#
......#.........................#...........#
......#.........................#...........#
......#.........................#...........#
......#.........................#...........#
......#.........................#...........#
......#.........................#.###########
......#.........................#.#..........
......#######...................#######......
..................................#...#......
..................................#...#......
..................................#...#......
..................................#####......

createPath from: <16, 14>
leftCoordinate facing: > and position: <16, 14>
tryMove: <16, 13> with direction: L
CROSSING PATH!!
Robot already visited this location.
rightCoordinate facing: > and position: <16, 14>
tryMove: <16, 15> with direction: R
Location not visited ... yet.
Not scaffolding!
Robot was facing > and moving R
Robot now facing v
Getting next direction to move from: <16, 14>
leftCoordinate facing: v and position: <16, 14>
Left coordinate would be: <17, 14>
Not visited.
Next direction to try with new facing: L
leftCoordinate facing: v and position: <16, 14>
tryMove: <17, 14> with direction: L
Location not visited ... yet.
Is scaffolding!

Map dimensions < 45, 36 >
..........LLLL^..............................
..........L..................................
..........L..................................
..........L..................................
..........LLLLLLL............................
................R............................
................R.......#############........
................R.......#...........#........
#######.........R.......#...........#........
#.....#.........R.......#...........#........
#.....#.........R.#####.#.....#########......
#.....#.........R.#...#.#.....#.....#.#......
#.....#.......##R########.###########.#......
#.....#.......#.R.#...#...#...#.......#......
#.....#.......#.RL#####...#...#.......#......
#.....#.......#...#.......#...#.......#......
#.....#.###########.###########.......#......
#.....#.#.....#.....#.....#...........#......
#.....#########.....#.....#...........#......
#.......#...........#.....#...........#......
#######.#...........#.....#######.....#######
......#.#...........#...........#...........#
......#.#############...........#...........#
......#.........................#...........#
......#.........................#...........#
......#.........................#...........#
......#.........................#...........#
......#.........................#...........#
......#.........................#.###########
......#.........................#.#..........
......#######...................#######......
..................................#...#......
..................................#...#......
..................................#...#......
..................................#####......

createPath from: <17, 14>
leftCoordinate facing: v and position: <17, 14>
tryMove: <18, 14> with direction: L
Location not visited ... yet.
Is scaffolding!

Map dimensions < 45, 36 >
..........LLLL^..............................
..........L..................................
..........L..................................
..........L..................................
..........LLLLLLL............................
................R............................
................R.......#############........
................R.......#...........#........
#######.........R.......#...........#........
#.....#.........R.......#...........#........
#.....#.........R.#####.#.....#########......
#.....#.........R.#...#.#.....#.....#.#......
#.....#.......##R########.###########.#......
#.....#.......#.R.#...#...#...#.......#......
#.....#.......#.RLL####...#...#.......#......
#.....#.......#...#.......#...#.......#......
#.....#.###########.###########.......#......
#.....#.#.....#.....#.....#...........#......
#.....#########.....#.....#...........#......
#.......#...........#.....#...........#......
#######.#...........#.....#######.....#######
......#.#...........#...........#...........#
......#.#############...........#...........#
......#.........................#...........#
......#.........................#...........#
......#.........................#...........#
......#.........................#...........#
......#.........................#...........#
......#.........................#.###########
......#.........................#.#..........
......#######...................#######......
..................................#...#......
..................................#...#......
..................................#...#......
..................................#####......

createPath from: <18, 14>
leftCoordinate facing: v and position: <18, 14>
tryMove: <19, 14> with direction: L
Location not visited ... yet.
Is scaffolding!

Map dimensions < 45, 36 >
..........LLLL^..............................
..........L..................................
..........L..................................
..........L..................................
..........LLLLLLL............................
................R............................
................R.......#############........
................R.......#...........#........
#######.........R.......#...........#........
#.....#.........R.......#...........#........
#.....#.........R.#####.#.....#########......
#.....#.........R.#...#.#.....#.....#.#......
#.....#.......##R########.###########.#......
#.....#.......#.R.#...#...#...#.......#......
#.....#.......#.RLLL###...#...#.......#......
#.....#.......#...#.......#...#.......#......
#.....#.###########.###########.......#......
#.....#.#.....#.....#.....#...........#......
#.....#########.....#.....#...........#......
#.......#...........#.....#...........#......
#######.#...........#.....#######.....#######
......#.#...........#...........#...........#
......#.#############...........#...........#
......#.........................#...........#
......#.........................#...........#
......#.........................#...........#
......#.........................#...........#
......#.........................#...........#
......#.........................#.###########
......#.........................#.#..........
......#######...................#######......
..................................#...#......
..................................#...#......
..................................#...#......
..................................#####......

createPath from: <19, 14>
leftCoordinate facing: v and position: <19, 14>
tryMove: <20, 14> with direction: L
Location not visited ... yet.
Is scaffolding!

Map dimensions < 45, 36 >
..........LLLL^..............................
..........L..................................
..........L..................................
..........L..................................
..........LLLLLLL............................
................R............................
................R.......#############........
................R.......#...........#........
#######.........R.......#...........#........
#.....#.........R.......#...........#........
#.....#.........R.#####.#.....#########......
#.....#.........R.#...#.#.....#.....#.#......
#.....#.......##R########.###########.#......
#.....#.......#.R.#...#...#...#.......#......
#.....#.......#.RLLLL##...#...#.......#......
#.....#.......#...#.......#...#.......#......
#.....#.###########.###########.......#......
#.....#.#.....#.....#.....#...........#......
#.....#########.....#.....#...........#......
#.......#...........#.....#...........#......
#######.#...........#.....#######.....#######
......#.#...........#...........#...........#
......#.#############...........#...........#
......#.........................#...........#
......#.........................#...........#
......#.........................#...........#
......#.........................#...........#
......#.........................#...........#
......#.........................#.###########
......#.........................#.#..........
......#######...................#######......
..................................#...#......
..................................#...#......
..................................#...#......
..................................#####......

createPath from: <20, 14>
leftCoordinate facing: v and position: <20, 14>
tryMove: <21, 14> with direction: L
Location not visited ... yet.
Is scaffolding!

Map dimensions < 45, 36 >
..........LLLL^..............................
..........L..................................
..........L..................................
..........L..................................
..........LLLLLLL............................
................R............................
................R.......#############........
................R.......#...........#........
#######.........R.......#...........#........
#.....#.........R.......#...........#........
#.....#.........R.#####.#.....#########......
#.....#.........R.#...#.#.....#.....#.#......
#.....#.......##R########.###########.#......
#.....#.......#.R.#...#...#...#.......#......
#.....#.......#.RLLLLL#...#...#.......#......
#.....#.......#...#.......#...#.......#......
#.....#.###########.###########.......#......
#.....#.#.....#.....#.....#...........#......
#.....#########.....#.....#...........#......
#.......#...........#.....#...........#......
#######.#...........#.....#######.....#######
......#.#...........#...........#...........#
......#.#############...........#...........#
......#.........................#...........#
......#.........................#...........#
......#.........................#...........#
......#.........................#...........#
......#.........................#...........#
......#.........................#.###########
......#.........................#.#..........
......#######...................#######......
..................................#...#......
..................................#...#......
..................................#...#......
..................................#####......

createPath from: <21, 14>
leftCoordinate facing: v and position: <21, 14>
tryMove: <22, 14> with direction: L
Location not visited ... yet.
Is scaffolding!

Map dimensions < 45, 36 >
..........LLLL^..............................
..........L..................................
..........L..................................
..........L..................................
..........LLLLLLL............................
................R............................
................R.......#############........
................R.......#...........#........
#######.........R.......#...........#........
#.....#.........R.......#...........#........
#.....#.........R.#####.#.....#########......
#.....#.........R.#...#.#.....#.....#.#......
#.....#.......##R########.###########.#......
#.....#.......#.R.#...#...#...#.......#......
#.....#.......#.RLLLLLL...#...#.......#......
#.....#.......#...#.......#...#.......#......
#.....#.###########.###########.......#......
#.....#.#.....#.....#.....#...........#......
#.....#########.....#.....#...........#......
#.......#...........#.....#...........#......
#######.#...........#.....#######.....#######
......#.#...........#...........#...........#
......#.#############...........#...........#
......#.........................#...........#
......#.........................#...........#
......#.........................#...........#
......#.........................#...........#
......#.........................#...........#
......#.........................#.###########
......#.........................#.#..........
......#######...................#######......
..................................#...#......
..................................#...#......
..................................#...#......
..................................#####......

createPath from: <22, 14>
leftCoordinate facing: v and position: <22, 14>
tryMove: <23, 14> with direction: L
Location not visited ... yet.
Not scaffolding!
Robot was facing v and moving L
Robot now facing >
Getting next direction to move from: <22, 14>
leftCoordinate facing: > and position: <22, 14>
Left coordinate would be: <22, 13>
Not visited.
Next direction to try with new facing: L
leftCoordinate facing: > and position: <22, 14>
tryMove: <22, 13> with direction: L
Location not visited ... yet.
Is scaffolding!

Map dimensions < 45, 36 >
..........LLLL^..............................
..........L..................................
..........L..................................
..........L..................................
..........LLLLLLL............................
................R............................
................R.......#############........
................R.......#...........#........
#######.........R.......#...........#........
#.....#.........R.......#...........#........
#.....#.........R.#####.#.....#########......
#.....#.........R.#...#.#.....#.....#.#......
#.....#.......##R########.###########.#......
#.....#.......#.R.#...L...#...#.......#......
#.....#.......#.RLLLLLL...#...#.......#......
#.....#.......#...#.......#...#.......#......
#.....#.###########.###########.......#......
#.....#.#.....#.....#.....#...........#......
#.....#########.....#.....#...........#......
#.......#...........#.....#...........#......
#######.#...........#.....#######.....#######
......#.#...........#...........#...........#
......#.#############...........#...........#
......#.........................#...........#
......#.........................#...........#
......#.........................#...........#
......#.........................#...........#
......#.........................#...........#
......#.........................#.###########
......#.........................#.#..........
......#######...................#######......
..................................#...#......
..................................#...#......
..................................#...#......
..................................#####......

createPath from: <22, 13>
leftCoordinate facing: > and position: <22, 13>
tryMove: <22, 12> with direction: L
Location not visited ... yet.
Is scaffolding!

Map dimensions < 45, 36 >
..........LLLL^..............................
..........L..................................
..........L..................................
..........L..................................
..........LLLLLLL............................
................R............................
................R.......#############........
................R.......#...........#........
#######.........R.......#...........#........
#.....#.........R.......#...........#........
#.....#.........R.#####.#.....#########......
#.....#.........R.#...#.#.....#.....#.#......
#.....#.......##R#####L##.###########.#......
#.....#.......#.R.#...L...#...#.......#......
#.....#.......#.RLLLLLL...#...#.......#......
#.....#.......#...#.......#...#.......#......
#.....#.###########.###########.......#......
#.....#.#.....#.....#.....#...........#......
#.....#########.....#.....#...........#......
#.......#...........#.....#...........#......
#######.#...........#.....#######.....#######
......#.#...........#...........#...........#
......#.#############...........#...........#
......#.........................#...........#
......#.........................#...........#
......#.........................#...........#
......#.........................#...........#
......#.........................#...........#
......#.........................#.###########
......#.........................#.#..........
......#######...................#######......
..................................#...#......
..................................#...#......
..................................#...#......
..................................#####......

createPath from: <22, 12>
leftCoordinate facing: > and position: <22, 12>
tryMove: <22, 11> with direction: L
Location not visited ... yet.
Is scaffolding!

Map dimensions < 45, 36 >
..........LLLL^..............................
..........L..................................
..........L..................................
..........L..................................
..........LLLLLLL............................
................R............................
................R.......#############........
................R.......#...........#........
#######.........R.......#...........#........
#.....#.........R.......#...........#........
#.....#.........R.#####.#.....#########......
#.....#.........R.#...L.#.....#.....#.#......
#.....#.......##R#####L##.###########.#......
#.....#.......#.R.#...L...#...#.......#......
#.....#.......#.RLLLLLL...#...#.......#......
#.....#.......#...#.......#...#.......#......
#.....#.###########.###########.......#......
#.....#.#.....#.....#.....#...........#......
#.....#########.....#.....#...........#......
#.......#...........#.....#...........#......
#######.#...........#.....#######.....#######
......#.#...........#...........#...........#
......#.#############...........#...........#
......#.........................#...........#
......#.........................#...........#
......#.........................#...........#
......#.........................#...........#
......#.........................#...........#
......#.........................#.###########
......#.........................#.#..........
......#######...................#######......
..................................#...#......
..................................#...#......
..................................#...#......
..................................#####......

createPath from: <22, 11>
leftCoordinate facing: > and position: <22, 11>
tryMove: <22, 10> with direction: L
Location not visited ... yet.
Is scaffolding!

Map dimensions < 45, 36 >
..........LLLL^..............................
..........L..................................
..........L..................................
..........L..................................
..........LLLLLLL............................
................R............................
................R.......#############........
................R.......#...........#........
#######.........R.......#...........#........
#.....#.........R.......#...........#........
#.....#.........R.####L.#.....#########......
#.....#.........R.#...L.#.....#.....#.#......
#.....#.......##R#####L##.###########.#......
#.....#.......#.R.#...L...#...#.......#......
#.....#.......#.RLLLLLL...#...#.......#......
#.....#.......#...#.......#...#.......#......
#.....#.###########.###########.......#......
#.....#.#.....#.....#.....#...........#......
#.....#########.....#.....#...........#......
#.......#...........#.....#...........#......
#######.#...........#.....#######.....#######
......#.#...........#...........#...........#
......#.#############...........#...........#
......#.........................#...........#
......#.........................#...........#
......#.........................#...........#
......#.........................#...........#
......#.........................#...........#
......#.........................#.###########
......#.........................#.#..........
......#######...................#######......
..................................#...#......
..................................#...#......
..................................#...#......
..................................#####......

createPath from: <22, 10>
leftCoordinate facing: > and position: <22, 10>
tryMove: <22, 9> with direction: L
Location not visited ... yet.
Not scaffolding!
Robot was facing > and moving L
Robot now facing ^
Getting next direction to move from: <22, 10>
leftCoordinate facing: ^ and position: <22, 10>
Left coordinate would be: <21, 10>
Not visited.
Next direction to try with new facing: L
leftCoordinate facing: ^ and position: <22, 10>
tryMove: <21, 10> with direction: L
Location not visited ... yet.
Is scaffolding!

Map dimensions < 45, 36 >
..........LLLL^..............................
..........L..................................
..........L..................................
..........L..................................
..........LLLLLLL............................
................R............................
................R.......#############........
................R.......#...........#........
#######.........R.......#...........#........
#.....#.........R.......#...........#........
#.....#.........R.###LL.#.....#########......
#.....#.........R.#...L.#.....#.....#.#......
#.....#.......##R#####L##.###########.#......
#.....#.......#.R.#...L...#...#.......#......
#.....#.......#.RLLLLLL...#...#.......#......
#.....#.......#...#.......#...#.......#......
#.....#.###########.###########.......#......
#.....#.#.....#.....#.....#...........#......
#.....#########.....#.....#...........#......
#.......#...........#.....#...........#......
#######.#...........#.....#######.....#######
......#.#...........#...........#...........#
......#.#############...........#...........#
......#.........................#...........#
......#.........................#...........#
......#.........................#...........#
......#.........................#...........#
......#.........................#...........#
......#.........................#.###########
......#.........................#.#..........
......#######...................#######......
..................................#...#......
..................................#...#......
..................................#...#......
..................................#####......

createPath from: <21, 10>
leftCoordinate facing: ^ and position: <21, 10>
tryMove: <20, 10> with direction: L
Location not visited ... yet.
Is scaffolding!

Map dimensions < 45, 36 >
..........LLLL^..............................
..........L..................................
..........L..................................
..........L..................................
..........LLLLLLL............................
................R............................
................R.......#############........
................R.......#...........#........
#######.........R.......#...........#........
#.....#.........R.......#...........#........
#.....#.........R.##LLL.#.....#########......
#.....#.........R.#...L.#.....#.....#.#......
#.....#.......##R#####L##.###########.#......
#.....#.......#.R.#...L...#...#.......#......
#.....#.......#.RLLLLLL...#...#.......#......
#.....#.......#...#.......#...#.......#......
#.....#.###########.###########.......#......
#.....#.#.....#.....#.....#...........#......
#.....#########.....#.....#...........#......
#.......#...........#.....#...........#......
#######.#...........#.....#######.....#######
......#.#...........#...........#...........#
......#.#############...........#...........#
......#.........................#...........#
......#.........................#...........#
......#.........................#...........#
......#.........................#...........#
......#.........................#...........#
......#.........................#.###########
......#.........................#.#..........
......#######...................#######......
..................................#...#......
..................................#...#......
..................................#...#......
..................................#####......

createPath from: <20, 10>
leftCoordinate facing: ^ and position: <20, 10>
tryMove: <19, 10> with direction: L
Location not visited ... yet.
Is scaffolding!

Map dimensions < 45, 36 >
..........LLLL^..............................
..........L..................................
..........L..................................
..........L..................................
..........LLLLLLL............................
................R............................
................R.......#############........
................R.......#...........#........
#######.........R.......#...........#........
#.....#.........R.......#...........#........
#.....#.........R.#LLLL.#.....#########......
#.....#.........R.#...L.#.....#.....#.#......
#.....#.......##R#####L##.###########.#......
#.....#.......#.R.#...L...#...#.......#......
#.....#.......#.RLLLLLL...#...#.......#......
#.....#.......#...#.......#...#.......#......
#.....#.###########.###########.......#......
#.....#.#.....#.....#.....#...........#......
#.....#########.....#.....#...........#......
#.......#...........#.....#...........#......
#######.#...........#.....#######.....#######
......#.#...........#...........#...........#
......#.#############...........#...........#
......#.........................#...........#
......#.........................#...........#
......#.........................#...........#
......#.........................#...........#
......#.........................#...........#
......#.........................#.###########
......#.........................#.#..........
......#######...................#######......
..................................#...#......
..................................#...#......
..................................#...#......
..................................#####......

createPath from: <19, 10>
leftCoordinate facing: ^ and position: <19, 10>
tryMove: <18, 10> with direction: L
Location not visited ... yet.
Is scaffolding!

Map dimensions < 45, 36 >
..........LLLL^..............................
..........L..................................
..........L..................................
..........L..................................
..........LLLLLLL............................
................R............................
................R.......#############........
................R.......#...........#........
#######.........R.......#...........#........
#.....#.........R.......#...........#........
#.....#.........R.LLLLL.#.....#########......
#.....#.........R.#...L.#.....#.....#.#......
#.....#.......##R#####L##.###########.#......
#.....#.......#.R.#...L...#...#.......#......
#.....#.......#.RLLLLLL...#...#.......#......
#.....#.......#...#.......#...#.......#......
#.....#.###########.###########.......#......
#.....#.#.....#.....#.....#...........#......
#.....#########.....#.....#...........#......
#.......#...........#.....#...........#......
#######.#...........#.....#######.....#######
......#.#...........#...........#...........#
......#.#############...........#...........#
......#.........................#...........#
......#.........................#...........#
......#.........................#...........#
......#.........................#...........#
......#.........................#...........#
......#.........................#.###########
......#.........................#.#..........
......#######...................#######......
..................................#...#......
..................................#...#......
..................................#...#......
..................................#####......

createPath from: <18, 10>
leftCoordinate facing: ^ and position: <18, 10>
tryMove: <17, 10> with direction: L
Location not visited ... yet.
Not scaffolding!
Robot was facing ^ and moving L
Robot now facing <
Getting next direction to move from: <18, 10>
leftCoordinate facing: < and position: <18, 10>
Left coordinate would be: <18, 11>
Not visited.
Next direction to try with new facing: L
leftCoordinate facing: < and position: <18, 10>
tryMove: <18, 11> with direction: L
Location not visited ... yet.
Is scaffolding!

Map dimensions < 45, 36 >
..........LLLL^..............................
..........L..................................
..........L..................................
..........L..................................
..........LLLLLLL............................
................R............................
................R.......#############........
................R.......#...........#........
#######.........R.......#...........#........
#.....#.........R.......#...........#........
#.....#.........R.LLLLL.#.....#########......
#.....#.........R.L...L.#.....#.....#.#......
#.....#.......##R#####L##.###########.#......
#.....#.......#.R.#...L...#...#.......#......
#.....#.......#.RLLLLLL...#...#.......#......
#.....#.......#...#.......#...#.......#......
#.....#.###########.###########.......#......
#.....#.#.....#.....#.....#...........#......
#.....#########.....#.....#...........#......
#.......#...........#.....#...........#......
#######.#...........#.....#######.....#######
......#.#...........#...........#...........#
......#.#############...........#...........#
......#.........................#...........#
......#.........................#...........#
......#.........................#...........#
......#.........................#...........#
......#.........................#...........#
......#.........................#.###########
......#.........................#.#..........
......#######...................#######......
..................................#...#......
..................................#...#......
..................................#...#......
..................................#####......

createPath from: <18, 11>
leftCoordinate facing: < and position: <18, 11>
tryMove: <18, 12> with direction: L
Location not visited ... yet.
Is scaffolding!

Map dimensions < 45, 36 >
..........LLLL^..............................
..........L..................................
..........L..................................
..........L..................................
..........LLLLLLL............................
................R............................
................R.......#############........
................R.......#...........#........
#######.........R.......#...........#........
#.....#.........R.......#...........#........
#.....#.........R.LLLLL.#.....#########......
#.....#.........R.L...L.#.....#.....#.#......
#.....#.......##R#L###L##.###########.#......
#.....#.......#.R.#...L...#...#.......#......
#.....#.......#.RLLLLLL...#...#.......#......
#.....#.......#...#.......#...#.......#......
#.....#.###########.###########.......#......
#.....#.#.....#.....#.....#...........#......
#.....#########.....#.....#...........#......
#.......#...........#.....#...........#......
#######.#...........#.....#######.....#######
......#.#...........#...........#...........#
......#.#############...........#...........#
......#.........................#...........#
......#.........................#...........#
......#.........................#...........#
......#.........................#...........#
......#.........................#...........#
......#.........................#.###########
......#.........................#.#..........
......#######...................#######......
..................................#...#......
..................................#...#......
..................................#...#......
..................................#####......

createPath from: <18, 12>
leftCoordinate facing: < and position: <18, 12>
tryMove: <18, 13> with direction: L
Location not visited ... yet.
Is scaffolding!

Map dimensions < 45, 36 >
..........LLLL^..............................
..........L..................................
..........L..................................
..........L..................................
..........LLLLLLL............................
................R............................
................R.......#############........
................R.......#...........#........
#######.........R.......#...........#........
#.....#.........R.......#...........#........
#.....#.........R.LLLLL.#.....#########......
#.....#.........R.L...L.#.....#.....#.#......
#.....#.......##R#L###L##.###########.#......
#.....#.......#.R.L...L...#...#.......#......
#.....#.......#.RLLLLLL...#...#.......#......
#.....#.......#...#.......#...#.......#......
#.....#.###########.###########.......#......
#.....#.#.....#.....#.....#...........#......
#.....#########.....#.....#...........#......
#.......#...........#.....#...........#......
#######.#...........#.....#######.....#######
......#.#...........#...........#...........#
......#.#############...........#...........#
......#.........................#...........#
......#.........................#...........#
......#.........................#...........#
......#.........................#...........#
......#.........................#...........#
......#.........................#.###########
......#.........................#.#..........
......#######...................#######......
..................................#...#......
..................................#...#......
..................................#...#......
..................................#####......

createPath from: <18, 13>
leftCoordinate facing: < and position: <18, 13>
tryMove: <18, 14> with direction: L
CROSSING PATH!!
Robot already visited this location.
rightCoordinate facing: < and position: <18, 13>
tryMove: <18, 12> with direction: R
CROSSING PATH!!
Robot already visited this location.
rightCoordinate facing: < and position: <18, 13>
tryMove: <18, 12> with direction: R
CROSSING PATH!!
Robot already visited this location.
rightCoordinate facing: < and position: <18, 13>
tryMove: <18, 12> with direction: R
CROSSING PATH!!
Robot already visited this location.
rightCoordinate facing: < and position: <18, 13>
tryMove: <18, 12> with direction: R
CROSSING PATH!!
Robot already visited this location.
rightCoordinate facing: < and position: <18, 13>
tryMove: <18, 12> with direction: R
CROSSING PATH!!
Robot already visited this location.
rightCoordinate facing: < and position: <18, 13>
tryMove: <18, 12> with direction: R
CROSSING PATH!!
Robot already visited this location.
rightCoordinate facing: < and position: <18, 13>
tryMove: <18, 12> with direction: R
CROSSING PATH!!
Robot already visited this location.
rightCoordinate facing: < and position: <18, 13>
tryMove: <18, 12> with direction: R
CROSSING PATH!!
Robot already visited this location.
rightCoordinate facing: < and position: <18, 13>
tryMove: <18, 12> with direction: R
CROSSING PATH!!
Robot already visited this location.
rightCoordinate facing: < and position: <18, 13>
tryMove: <18, 12> with direction: R
CROSSING PATH!!
Robot already visited this location.
rightCoordinate facing: < and position: <18, 13>
tryMove: <18, 12> with direction: R
CROSSING PATH!!
Robot already visited this location.
rightCoordinate facing: < and position: <18, 13>
tryMove: <18, 12> with direction: R
CROSSING PATH!!
Robot already visited this location.
rightCoordinate facing: < and position: <18, 13>
tryMove: <18, 12> with direction: R
CROSSING PATH!!
Robot already visited this location.
rightCoordinate facing: < and position: <18, 13>
tryMove: <18, 12> with direction: R
CROSSING PATH!!
Robot already visited this location.
rightCoordinate facing: < and position: <18, 13>
tryMove: <18, 12> with direction: R
CROSSING PATH!!
Robot already visited this location.
rightCoordinate facing: < and position: <18, 13>
tryMove: <18, 12> with direction: R
CROSSING PATH!!
Robot already visited this location.
rightCoordinate facing: < and position: <18, 13>
tryMove: <18, 12> with direction: R
CROSSING PATH!!
Robot already visited this location.
rightCoordinate facing: < and position: <18, 13>
tryMove: <18, 12> with direction: R
CROSSING PATH!!
Robot already visited this location.
rightCoordinate facing: < and position: <18, 13>
tryMove: <18, 12> with direction: R
CROSSING PATH!!
Robot already visited this location.
rightCoordinate facing: < and position: <18, 13>
tryMove: <18, 12> with direction: R
CROSSING PATH!!
Robot already visited this location.
rightCoordinate facing: < and position: <18, 13>
tryMove: <18, 12> with direction: R
CROSSING PATH!!
Robot already visited this location.
rightCoordinate facing: < and position: <18, 13>
tryMove: <18, 12> with direction: R
CROSSING PATH!!
Robot already visited this location.
rightCoordinate facing: < and position: <18, 13>
tryMove: <18, 12> with direction: R
CROSSING PATH!!
Robot already visited this location.
rightCoordinate facing: < and position: <18, 13>
tryMove: <18, 12> with direction: R
CROSSING PATH!!
Robot already visited this location.
rightCoordinate facing: < and position: <18, 13>
tryMove: <18, 12> with direction: R
CROSSING PATH!!
Robot already visited this location.
rightCoordinate facing: < and position: <18, 13>
tryMove: <18, 12> with direction: R
CROSSING PATH!!
Robot already visited this location.
rightCoordinate facing: < and position: <18, 13>
tryMove: <18, 12> with direction: R
CROSSING PATH!!
Robot already visited this location.
rightCoordinate facing: < and position: <18, 13>
tryMove: <18, 12> with direction: R
CROSSING PATH!!
Robot already visited this location.
rightCoordinate facing: < and position: <18, 13>
tryMove: <18, 12> with direction: R
CROSSING PATH!!
Robot already visited this location.
rightCoordinate facing: < and position: <18, 13>
tryMove: <18, 12> with direction: R
CROSSING PATH!!
Robot already visited this location.
rightCoordinate facing: < and position: <18, 13>
tryMove: <18, 12> with direction: R
CROSSING PATH!!
Robot already visited this location.
rightCoordinate facing: < and position: <18, 13>
tryMove: <18, 12> with direction: R
CROSSING PATH!!
Robot already visited this location.
Path:
L
L
L
L
L
L
L
L
L
L
L
L
L
L
L
L
L
L
L
L
L
L
L
L
L
L
L
L
L
L
L
L
L
L
L
L
L
L
L
L
L
