[2016-12-31 13:03:24,566] INFO [GroupCoordinator 0]: Preparing to restabilize group console-consumer-79922 with old generation 1 (kafka.coordinator.GroupCoordinator)
[2016-12-31 13:03:24,567] INFO [GroupCoordinator 0]: Group console-consumer-79922 with generation 2 is now empty (kafka.coordinator.GroupCoordinator)
[2016-12-31 13:03:33,181] INFO [Kafka Server 0], shutting down (kafka.server.KafkaServer)
[2016-12-31 13:03:33,182] INFO [Kafka Server 0], Starting controlled shutdown (kafka.server.KafkaServer)
[2016-12-31 13:03:33,316] INFO [Kafka Server 0], Remaining partitions to move: my-replicated-topic-0 (kafka.server.KafkaServer)
[2016-12-31 13:03:33,316] INFO [Kafka Server 0], Error code from controller: 0 (kafka.server.KafkaServer)
[2016-12-31 13:03:38,317] WARN [Kafka Server 0], Retrying controlled shutdown after the previous attempt failed... (kafka.server.KafkaServer)
[2016-12-31 13:03:38,327] INFO [Kafka Server 0], Remaining partitions to move: my-replicated-topic-0 (kafka.server.KafkaServer)
[2016-12-31 13:03:38,327] INFO [Kafka Server 0], Error code from controller: 0 (kafka.server.KafkaServer)
[2016-12-31 13:03:38,940] INFO [GroupCoordinator 0]: Preparing to restabilize group connect-local-file-sink with old generation 1 (kafka.coordinator.GroupCoordinator)
[2016-12-31 13:03:38,940] INFO [GroupCoordinator 0]: Group connect-local-file-sink with generation 2 is now empty (kafka.coordinator.GroupCoordinator)
[2016-12-31 13:03:43,327] WARN [Kafka Server 0], Retrying controlled shutdown after the previous attempt failed... (kafka.server.KafkaServer)
[2016-12-31 13:03:43,334] INFO [Kafka Server 0], Remaining partitions to move: my-replicated-topic-0 (kafka.server.KafkaServer)
[2016-12-31 13:03:43,334] INFO [Kafka Server 0], Error code from controller: 0 (kafka.server.KafkaServer)
[2016-12-31 13:03:48,334] WARN [Kafka Server 0], Retrying controlled shutdown after the previous attempt failed... (kafka.server.KafkaServer)
[2016-12-31 13:03:48,337] WARN [Kafka Server 0], Proceeding to do an unclean shutdown as all the controlled shutdown attempts failed (kafka.server.KafkaServer)
[2016-12-31 13:03:48,337] INFO [Socket Server on Broker 0], Shutting down (kafka.network.SocketServer)
[2016-12-31 13:03:48,342] INFO [Socket Server on Broker 0], Shutdown completed (kafka.network.SocketServer)
[2016-12-31 13:03:48,343] INFO [Kafka Request Handler on Broker 0], shutting down (kafka.server.KafkaRequestHandlerPool)
[2016-12-31 13:03:48,345] INFO [Kafka Request Handler on Broker 0], shut down completely (kafka.server.KafkaRequestHandlerPool)
[2016-12-31 13:03:48,348] INFO [ThrottledRequestReaper-Fetch], Shutting down (kafka.server.ClientQuotaManager$ThrottledRequestReaper)
[2016-12-31 13:03:48,957] INFO [ThrottledRequestReaper-Fetch], Stopped  (kafka.server.ClientQuotaManager$ThrottledRequestReaper)
[2016-12-31 13:03:48,957] INFO [ThrottledRequestReaper-Fetch], Shutdown completed (kafka.server.ClientQuotaManager$ThrottledRequestReaper)
[2016-12-31 13:03:48,957] INFO [ThrottledRequestReaper-Produce], Shutting down (kafka.server.ClientQuotaManager$ThrottledRequestReaper)
[2016-12-31 13:03:49,956] INFO [ThrottledRequestReaper-Produce], Stopped  (kafka.server.ClientQuotaManager$ThrottledRequestReaper)
[2016-12-31 13:03:49,956] INFO [ThrottledRequestReaper-Produce], Shutdown completed (kafka.server.ClientQuotaManager$ThrottledRequestReaper)
[2016-12-31 13:03:49,957] INFO [KafkaApi-0] Shutdown complete. (kafka.server.KafkaApis)
[2016-12-31 13:03:49,958] INFO [Replica Manager on Broker 0]: Shutting down (kafka.server.ReplicaManager)
[2016-12-31 13:03:49,958] INFO [ReplicaFetcherManager on broker 0] shutting down (kafka.server.ReplicaFetcherManager)
[2016-12-31 13:03:49,959] INFO [ReplicaFetcherManager on broker 0] shutdown completed (kafka.server.ReplicaFetcherManager)
[2016-12-31 13:03:49,959] INFO [ExpirationReaper-0], Shutting down (kafka.server.DelayedOperationPurgatory$ExpiredOperationReaper)
[2016-12-31 13:03:50,113] INFO [ExpirationReaper-0], Stopped  (kafka.server.DelayedOperationPurgatory$ExpiredOperationReaper)
[2016-12-31 13:03:50,113] INFO [ExpirationReaper-0], Shutdown completed (kafka.server.DelayedOperationPurgatory$ExpiredOperationReaper)
[2016-12-31 13:03:50,113] INFO [ExpirationReaper-0], Shutting down (kafka.server.DelayedOperationPurgatory$ExpiredOperationReaper)
[2016-12-31 13:03:50,270] INFO [ExpirationReaper-0], Stopped  (kafka.server.DelayedOperationPurgatory$ExpiredOperationReaper)
[2016-12-31 13:03:50,270] INFO [ExpirationReaper-0], Shutdown completed (kafka.server.DelayedOperationPurgatory$ExpiredOperationReaper)
[2016-12-31 13:03:50,271] INFO [Replica Manager on Broker 0]: Shut down completely (kafka.server.ReplicaManager)
[2016-12-31 13:03:50,271] INFO [ExpirationReaper-0], Shutting down (kafka.server.DelayedOperationPurgatory$ExpiredOperationReaper)
[2016-12-31 13:03:50,446] INFO [ExpirationReaper-0], Stopped  (kafka.server.DelayedOperationPurgatory$ExpiredOperationReaper)
[2016-12-31 13:03:50,446] INFO [ExpirationReaper-0], Shutdown completed (kafka.server.DelayedOperationPurgatory$ExpiredOperationReaper)
[2016-12-31 13:03:50,446] INFO Shutting down. (kafka.log.LogManager)
[2016-12-31 13:03:50,464] INFO Shutdown complete. (kafka.log.LogManager)
[2016-12-31 13:03:50,464] INFO [GroupCoordinator 0]: Shutting down. (kafka.coordinator.GroupCoordinator)
[2016-12-31 13:03:50,465] INFO [ExpirationReaper-0], Shutting down (kafka.server.DelayedOperationPurgatory$ExpiredOperationReaper)
[2016-12-31 13:03:50,548] INFO [ExpirationReaper-0], Stopped  (kafka.server.DelayedOperationPurgatory$ExpiredOperationReaper)
[2016-12-31 13:03:50,548] INFO [ExpirationReaper-0], Shutdown completed (kafka.server.DelayedOperationPurgatory$ExpiredOperationReaper)
[2016-12-31 13:03:50,548] INFO [ExpirationReaper-0], Shutting down (kafka.server.DelayedOperationPurgatory$ExpiredOperationReaper)
[2016-12-31 13:03:50,649] INFO [ExpirationReaper-0], Stopped  (kafka.server.DelayedOperationPurgatory$ExpiredOperationReaper)
[2016-12-31 13:03:50,649] INFO [ExpirationReaper-0], Shutdown completed (kafka.server.DelayedOperationPurgatory$ExpiredOperationReaper)
[2016-12-31 13:03:50,650] INFO [GroupCoordinator 0]: Shutdown complete. (kafka.coordinator.GroupCoordinator)
[2016-12-31 13:03:50,660] INFO [Kafka Server 0], shut down completed (kafka.server.KafkaServer)
