[2016-12-31 13:03:33,310] TRACE Controller 0 epoch 3 started leader election for partition [my-replicated-topic,0] (state.change.logger)
[2016-12-31 13:03:33,312] ERROR Controller 0 epoch 3 encountered error while electing leader for partition [my-replicated-topic,0] due to: No other replicas in ISR 0 for [my-replicated-topic,0] besides shutting down brokers 0. (state.change.logger)
[2016-12-31 13:03:33,312] ERROR Controller 0 epoch 3 initiated state change for partition [my-replicated-topic,0] from OnlinePartition to OnlinePartition failed (state.change.logger)
kafka.common.StateChangeFailedException: encountered error while electing leader for partition [my-replicated-topic,0] due to: No other replicas in ISR 0 for [my-replicated-topic,0] besides shutting down brokers 0.
	at kafka.controller.PartitionStateMachine.electLeaderForPartition(PartitionStateMachine.scala:367)
	at kafka.controller.PartitionStateMachine.kafka$controller$PartitionStateMachine$$handleStateChange(PartitionStateMachine.scala:207)
	at kafka.controller.PartitionStateMachine$$anonfun$handleStateChanges$2.apply(PartitionStateMachine.scala:146)
	at kafka.controller.PartitionStateMachine$$anonfun$handleStateChanges$2.apply(PartitionStateMachine.scala:145)
	at scala.collection.immutable.Set$Set1.foreach(Set.scala:94)
	at kafka.controller.PartitionStateMachine.handleStateChanges(PartitionStateMachine.scala:145)
	at kafka.controller.KafkaController$$anonfun$shutdownBroker$3$$anonfun$apply$1$$anonfun$apply$mcV$sp$3.apply(KafkaController.scala:269)
	at kafka.controller.KafkaController$$anonfun$shutdownBroker$3$$anonfun$apply$1$$anonfun$apply$mcV$sp$3.apply(KafkaController.scala:264)
	at scala.Option.foreach(Option.scala:257)
	at kafka.controller.KafkaController$$anonfun$shutdownBroker$3$$anonfun$apply$1.apply$mcV$sp(KafkaController.scala:264)
	at kafka.controller.KafkaController$$anonfun$shutdownBroker$3$$anonfun$apply$1.apply(KafkaController.scala:264)
	at kafka.controller.KafkaController$$anonfun$shutdownBroker$3$$anonfun$apply$1.apply(KafkaController.scala:264)
	at kafka.utils.CoreUtils$.inLock(CoreUtils.scala:234)
	at kafka.controller.KafkaController$$anonfun$shutdownBroker$3.apply(KafkaController.scala:263)
	at kafka.controller.KafkaController$$anonfun$shutdownBroker$3.apply(KafkaController.scala:260)
	at scala.collection.immutable.HashSet$HashSet1.foreach(HashSet.scala:316)
	at scala.collection.immutable.HashSet$HashTrieSet.foreach(HashSet.scala:972)
	at scala.collection.immutable.HashSet$HashTrieSet.foreach(HashSet.scala:972)
	at kafka.controller.KafkaController.shutdownBroker(KafkaController.scala:260)
	at kafka.server.KafkaApis.handleControlledShutdownRequest(KafkaApis.scala:212)
	at kafka.server.KafkaApis.handle(KafkaApis.scala:85)
	at kafka.server.KafkaRequestHandler.run(KafkaRequestHandler.scala:60)
	at java.lang.Thread.run(Thread.java:745)
Caused by: kafka.common.StateChangeFailedException: No other replicas in ISR 0 for [my-replicated-topic,0] besides shutting down brokers 0
	at kafka.controller.ControlledShutdownLeaderSelector.selectLeader(PartitionLeaderSelector.scala:191)
	at kafka.controller.PartitionStateMachine.electLeaderForPartition(PartitionStateMachine.scala:344)
	... 22 more
[2016-12-31 13:03:38,321] TRACE Controller 0 epoch 3 started leader election for partition [my-replicated-topic,0] (state.change.logger)
[2016-12-31 13:03:38,323] ERROR Controller 0 epoch 3 encountered error while electing leader for partition [my-replicated-topic,0] due to: No other replicas in ISR 0 for [my-replicated-topic,0] besides shutting down brokers 0. (state.change.logger)
[2016-12-31 13:03:38,323] ERROR Controller 0 epoch 3 initiated state change for partition [my-replicated-topic,0] from OnlinePartition to OnlinePartition failed (state.change.logger)
kafka.common.StateChangeFailedException: encountered error while electing leader for partition [my-replicated-topic,0] due to: No other replicas in ISR 0 for [my-replicated-topic,0] besides shutting down brokers 0.
	at kafka.controller.PartitionStateMachine.electLeaderForPartition(PartitionStateMachine.scala:367)
	at kafka.controller.PartitionStateMachine.kafka$controller$PartitionStateMachine$$handleStateChange(PartitionStateMachine.scala:207)
	at kafka.controller.PartitionStateMachine$$anonfun$handleStateChanges$2.apply(PartitionStateMachine.scala:146)
	at kafka.controller.PartitionStateMachine$$anonfun$handleStateChanges$2.apply(PartitionStateMachine.scala:145)
	at scala.collection.immutable.Set$Set1.foreach(Set.scala:94)
	at kafka.controller.PartitionStateMachine.handleStateChanges(PartitionStateMachine.scala:145)
	at kafka.controller.KafkaController$$anonfun$shutdownBroker$3$$anonfun$apply$1$$anonfun$apply$mcV$sp$3.apply(KafkaController.scala:269)
	at kafka.controller.KafkaController$$anonfun$shutdownBroker$3$$anonfun$apply$1$$anonfun$apply$mcV$sp$3.apply(KafkaController.scala:264)
	at scala.Option.foreach(Option.scala:257)
	at kafka.controller.KafkaController$$anonfun$shutdownBroker$3$$anonfun$apply$1.apply$mcV$sp(KafkaController.scala:264)
	at kafka.controller.KafkaController$$anonfun$shutdownBroker$3$$anonfun$apply$1.apply(KafkaController.scala:264)
	at kafka.controller.KafkaController$$anonfun$shutdownBroker$3$$anonfun$apply$1.apply(KafkaController.scala:264)
	at kafka.utils.CoreUtils$.inLock(CoreUtils.scala:234)
	at kafka.controller.KafkaController$$anonfun$shutdownBroker$3.apply(KafkaController.scala:263)
	at kafka.controller.KafkaController$$anonfun$shutdownBroker$3.apply(KafkaController.scala:260)
	at scala.collection.immutable.HashSet$HashSet1.foreach(HashSet.scala:316)
	at scala.collection.immutable.HashSet$HashTrieSet.foreach(HashSet.scala:972)
	at scala.collection.immutable.HashSet$HashTrieSet.foreach(HashSet.scala:972)
	at kafka.controller.KafkaController.shutdownBroker(KafkaController.scala:260)
	at kafka.server.KafkaApis.handleControlledShutdownRequest(KafkaApis.scala:212)
	at kafka.server.KafkaApis.handle(KafkaApis.scala:85)
	at kafka.server.KafkaRequestHandler.run(KafkaRequestHandler.scala:60)
	at java.lang.Thread.run(Thread.java:745)
Caused by: kafka.common.StateChangeFailedException: No other replicas in ISR 0 for [my-replicated-topic,0] besides shutting down brokers 0
	at kafka.controller.ControlledShutdownLeaderSelector.selectLeader(PartitionLeaderSelector.scala:191)
	at kafka.controller.PartitionStateMachine.electLeaderForPartition(PartitionStateMachine.scala:344)
	... 22 more
[2016-12-31 13:03:43,331] TRACE Controller 0 epoch 3 started leader election for partition [my-replicated-topic,0] (state.change.logger)
[2016-12-31 13:03:43,333] ERROR Controller 0 epoch 3 encountered error while electing leader for partition [my-replicated-topic,0] due to: No other replicas in ISR 0 for [my-replicated-topic,0] besides shutting down brokers 0. (state.change.logger)
[2016-12-31 13:03:43,333] ERROR Controller 0 epoch 3 initiated state change for partition [my-replicated-topic,0] from OnlinePartition to OnlinePartition failed (state.change.logger)
kafka.common.StateChangeFailedException: encountered error while electing leader for partition [my-replicated-topic,0] due to: No other replicas in ISR 0 for [my-replicated-topic,0] besides shutting down brokers 0.
	at kafka.controller.PartitionStateMachine.electLeaderForPartition(PartitionStateMachine.scala:367)
	at kafka.controller.PartitionStateMachine.kafka$controller$PartitionStateMachine$$handleStateChange(PartitionStateMachine.scala:207)
	at kafka.controller.PartitionStateMachine$$anonfun$handleStateChanges$2.apply(PartitionStateMachine.scala:146)
	at kafka.controller.PartitionStateMachine$$anonfun$handleStateChanges$2.apply(PartitionStateMachine.scala:145)
	at scala.collection.immutable.Set$Set1.foreach(Set.scala:94)
	at kafka.controller.PartitionStateMachine.handleStateChanges(PartitionStateMachine.scala:145)
	at kafka.controller.KafkaController$$anonfun$shutdownBroker$3$$anonfun$apply$1$$anonfun$apply$mcV$sp$3.apply(KafkaController.scala:269)
	at kafka.controller.KafkaController$$anonfun$shutdownBroker$3$$anonfun$apply$1$$anonfun$apply$mcV$sp$3.apply(KafkaController.scala:264)
	at scala.Option.foreach(Option.scala:257)
	at kafka.controller.KafkaController$$anonfun$shutdownBroker$3$$anonfun$apply$1.apply$mcV$sp(KafkaController.scala:264)
	at kafka.controller.KafkaController$$anonfun$shutdownBroker$3$$anonfun$apply$1.apply(KafkaController.scala:264)
	at kafka.controller.KafkaController$$anonfun$shutdownBroker$3$$anonfun$apply$1.apply(KafkaController.scala:264)
	at kafka.utils.CoreUtils$.inLock(CoreUtils.scala:234)
	at kafka.controller.KafkaController$$anonfun$shutdownBroker$3.apply(KafkaController.scala:263)
	at kafka.controller.KafkaController$$anonfun$shutdownBroker$3.apply(KafkaController.scala:260)
	at scala.collection.immutable.HashSet$HashSet1.foreach(HashSet.scala:316)
	at scala.collection.immutable.HashSet$HashTrieSet.foreach(HashSet.scala:972)
	at scala.collection.immutable.HashSet$HashTrieSet.foreach(HashSet.scala:972)
	at kafka.controller.KafkaController.shutdownBroker(KafkaController.scala:260)
	at kafka.server.KafkaApis.handleControlledShutdownRequest(KafkaApis.scala:212)
	at kafka.server.KafkaApis.handle(KafkaApis.scala:85)
	at kafka.server.KafkaRequestHandler.run(KafkaRequestHandler.scala:60)
	at java.lang.Thread.run(Thread.java:745)
Caused by: kafka.common.StateChangeFailedException: No other replicas in ISR 0 for [my-replicated-topic,0] besides shutting down brokers 0
	at kafka.controller.ControlledShutdownLeaderSelector.selectLeader(PartitionLeaderSelector.scala:191)
	at kafka.controller.PartitionStateMachine.electLeaderForPartition(PartitionStateMachine.scala:344)
	... 22 more
