Excelsior JET v11.3 Evaluation 64-bit (c) Excelsior 1997,2016
Active Java SE Version 1.8.0_101 (profile 8101)
************************  JET v11.3 EVALUATION **************************
*  This program cannot be used in a business, commercial, government,  *
*  or  institutional  environment  except  for  evaluation  purposes.  *
************************************************************************
Make project "/Users/marklittle/github/scratch/excelsior/extended/performance.prj"
You use the SERVER Runtime.
Note that Excelsior JET Embedded and Enterprise Edition are the only retail versions that include this Runtime flavor. 
64-bit Excelsior JET for OS X does not yet support Startup Accelerator
Reading . ...  3 classes
Reading arjuna-5.6.0.Final-SNAPSHOT.jar ...  246 classes
Reading common-5.2.12.Final-SNAPSHOT.jar ...  17 classes
Reading jboss-logging.jar ...  41 classes
Reading txoj-5.6.0.Final-SNAPSHOT.jar ...  30 classes

Total compilable classes within classpath entries: 337

------------------------  Parsing Stage  ---------------------------------------


List of classes with absent superclass or superinterface:
  com/arjuna/ats/internal/arjuna/objectstore/hornetq/HornetqJournalStore$1 
	superclass org/apache/activemq/artemis/core/journal/TransactionFailureCallback
Processing startup profile...
New "/Users/marklittle/github/scratch/excelsior/extended/performance_jetpdb/nums.clnums" is generated
#project is up to date
Preparing resources for packing ...
Processing arjuna-5.6.0.Final-SNAPSHOT.jar ...
Processing common-5.2.12.Final-SNAPSHOT.jar ...
Processing jboss-logging.jar ...
Processing txoj-5.6.0.Final-SNAPSHOT.jar ...
Resources were successfully prepared for packing.

XDS Link Version 2.25.22 Copyright (c) Excelsior 1995-2016.
No errors, no warnings

Link time 0:00.66

Total compilation time 0:04.77

